#
# A fatal error has been detected by the Java Runtime Environment:
#
#  EXCEPTION_ACCESS_VIOLATION (0xc0000005) at pc=0x00007ffc3d06e313, pid=102100, tid=57016
#
# JRE version: OpenJDK Runtime Environment Temurin-21.0.6+7 (21.0.6+7) (build 21.0.6+7-LTS)
# Java VM: OpenJDK 64-Bit Server VM Temurin-21.0.6+7 (21.0.6+7-LTS, mixed mode, emulated-client, sharing, tiered, compressed oops, compressed class ptrs, g1 gc, windows-amd64)
# Problematic frame:
# V  [jvm.dll+0x3de313]
#
# No core dump will be written. Minidumps are not enabled by default on client versions of Windows
#
# If you would like to submit a bug report, please visit:
#   https://github.com/adoptium/adoptium-support/issues
#

---------------  S U M M A R Y ------------

Command Line: -Dcom.sun.management.jmxremote -Dcom.sun.management.jmxremote.port=55681 -Dcom.sun.management.jmxremote.authenticate=false -Dcom.sun.management.jmxremote.ssl=false -Djava.rmi.server.hostname=localhost -Dspring.jmx.enabled=true -Dmanagement.endpoints.jmx.exposure.include=* -Dspring.application.admin.enabled=true -Dspring.output.ansi.enabled=always -XX:TieredStopAtLevel=1 -Dspring.boot.project.name=spring-empapp -Dfile.encoding=UTF-8 -Dstdout.encoding=UTF-8 -Dstderr.encoding=UTF-8 -XX:+ShowCodeDetailsInExceptionMessages -Xmx512M com.empapp.SpringProductapp1Application

Host: Intel(R) Core(TM) i3-10110U CPU @ 2.10GHz, 4 cores, 3G,  Windows 11 , 64 bit Build 22621 (10.0.22621.5415)
Time: Wed Nov 19 16:35:33 2025 India Standard Time elapsed time: 15.475718 seconds (0d 0h 0m 15s)

---------------  T H R E A D  ---------------

Current thread (0x00000246e606edc0):  JavaThread "JMX server connection timeout 55" daemon [_thread_in_vm, id=57016, stack(0x000000e434c00000,0x000000e434d00000) (1024K)]

Stack: [0x000000e434c00000,0x000000e434d00000],  sp=0x000000e434cff2f0,  free space=1020k
Native frames: (J=compiled Java code, j=interpreted, Vv=VM code, C=native code)
V  [jvm.dll+0x3de313]
V  [jvm.dll+0x6cde02]
V  [jvm.dll+0x3def9b]
V  [jvm.dll+0x3df227]
V  [jvm.dll+0x4729a5]
V  [jvm.dll+0x3f0256]
V  [jvm.dll+0x851f8b]
